生成启动时间为 2017/10/8 21:26:28。
     1>项目“D:\c++\c++上机解决方案\Q69\Q69\Q69.vcxproj”在节点 2 上(Build 个目标)。
     1>ClCompile:
         D:\c\VC\bin\CL.exe /c /ZI /W3 /WX- /sdl /Od /Oy- /D _MBCS /Gm /EHsc /RTC1 /MDd /GS /fp:precise /Zc:wchar_t /Zc:forScope /Fo"Debug\\" /Fd"Debug\vc120.pdb" /Gd /TP /analyze- /errorReport:prompt "源.cpp"
         用于 x86 的 Microsoft (R) C/C++ 优化编译器 18.00.21005.1 版版权所有(C) Microsoft Corporation。  保留所有权利。
         
         cl /c /ZI /W3 /WX- /sdl /Od /Oy- /D _MBCS /Gm /EHsc /RTC1 /MDd /GS /fp:precise /Zc:wchar_t /Zc:forScope /Fo"Debug\\" /Fd"Debug\vc120.pdb" /Gd /TP /analyze- /errorReport:prompt "源.cpp"
         
         源.cpp
     1>d:\c++\c++上机解决方案\q69\q69\源.cpp(15): warning C4018: “<”: 有符号/无符号不匹配
     1>d:\c++\c++上机解决方案\q69\q69\源.cpp(18): warning C4018: “<”: 有符号/无符号不匹配
     1>d:\c++\c++上机解决方案\q69\q69\源.cpp(30): warning C4018: “<”: 有符号/无符号不匹配
     1>d:\c++\c++上机解决方案\q69\q69\源.cpp(34): warning C4018: “<”: 有符号/无符号不匹配
     1>d:\c++\c++上机解决方案\q69\q69\源.cpp(47): warning C4018: “<”: 有符号/无符号不匹配
     1>d:\c++\c++上机解决方案\q69\q69\源.cpp(51): warning C4018: “<”: 有符号/无符号不匹配
     1>d:\c++\c++上机解决方案\q69\q69\源.cpp(66): warning C4018: “<”: 有符号/无符号不匹配
       Link:
         D:\c\VC\bin\link.exe /ERRORREPORT:PROMPT /OUT:"D:\c++\c++上机解决方案\Q69\Debug\Q69.exe" /INCREMENTAL kernel32.lib user32.lib gdi32.lib winspool.lib comdlg32.lib advapi32.lib shell32.lib ole32.lib oleaut32.lib uuid.lib odbc32.lib odbccp32.lib /MANIFEST /MANIFESTUAC:"level='asInvoker' uiAccess='false'" /manifest:embed /DEBUG /PDB:"D:\c++\c++上机解决方案\Q69\Debug\Q69.pdb" /TLBID:1 /DYNAMICBASE /NXCOMPAT /IMPLIB:"D:\c++\c++上机解决方案\Q69\Debug\Q69.lib" /MACHINE:X86 "Debug\源.obj"
         Microsoft (R) Incremental Linker Version 12.00.21005.1
         Copyright (C) Microsoft Corporation.  All rights reserved.
         
         "/OUT:D:\c++\c++上机解决方案\Q69\Debug\Q69.exe" /INCREMENTAL kernel32.lib user32.lib gdi32.lib winspool.lib comdlg32.lib advapi32.lib shell32.lib ole32.lib oleaut32.lib uuid.lib odbc32.lib odbccp32.lib /MANIFEST "/MANIFESTUAC:level='asInvoker' uiAccess='false'" /manifest:embed /DEBUG "/PDB:D:\c++\c++上机解决方案\Q69\Debug\Q69.pdb" /TLBID:1 /DYNAMICBASE /NXCOMPAT "/IMPLIB:D:\c++\c++上机解决方案\Q69\Debug\Q69.lib" /MACHINE:X86 "Debug\源.obj" 
         Q69.vcxproj -> D:\c++\c++上机解决方案\Q69\Debug\Q69.exe
     1>已完成生成项目“D:\c++\c++上机解决方案\Q69\Q69\Q69.vcxproj”(Build 个目标)的操作。

生成成功。

已用时间 00:00:01.22
